-------------------------------------------------------------------------------
Test set: Piezas.BoardTest
-------------------------------------------------------------------------------
Tests run: 8, Failures: 2, Errors: 0, Skipped: 0, Time elapsed: 0.068 s <<< FAILURE! - in Piezas.BoardTest
funcion_bajarFich(Piezas.BoardTest)  Time elapsed: 0.003 s  <<< FAILURE!
java.lang.AssertionError: expected:<1> but was:<5>
	at Piezas.BoardTest.funcion_bajarFich(BoardTest.java:140)

funcion_rotarIzquierda_meterFicha(Piezas.BoardTest)  Time elapsed: 0.001 s  <<< FAILURE!
java.lang.AssertionError: expected:<1> but was:<5>
	at Piezas.BoardTest.funcion_rotarIzquierda_meterFicha(BoardTest.java:89)

